{"/app/src/firebase/collections.ts": {"path":"/app/src/firebase/collections.ts","statementMap":{"0":{"start":{"line":5,"column":32},"end":{"line":24,"column":null}},"1":{"start":{"line":27,"column":27},"end":{"line":46,"column":null}},"2":{"start":{"line":49,"column":27},"end":{"line":49,"column":null}}},"fnMap":{},"branchMap":{},"s":{"0":1,"1":1,"2":1},"f":{},"b":{},"meta":{"lastBranch":0,"lastFunction":0,"lastStatement":3,"seen":{"s:5:32:24:Infinity":0,"s:27:27:46:Infinity":1,"s:49:27:49:Infinity":2}}}
,"/app/src/firebase/config.ts": {"path":"/app/src/firebase/config.ts","statementMap":{"0":{"start":{"line":5,"column":23},"end":{"line":12,"column":null}},"1":{"start":{"line":14,"column":6},"end":{"line":14,"column":null}},"2":{"start":{"line":15,"column":13},"end":{"line":15,"column":null}},"3":{"start":{"line":16,"column":13},"end":{"line":16,"column":null}},"4":{"start":{"line":17,"column":27},"end":{"line":17,"column":null}}},"fnMap":{},"branchMap":{"0":{"loc":{"start":{"line":6,"column":12},"end":{"line":6,"column":null}},"type":"binary-expr","locations":[{"start":{"line":6,"column":12},"end":{"line":6,"column":53}},{"start":{"line":6,"column":53},"end":{"line":6,"column":null}}],"line":6},"1":{"loc":{"start":{"line":7,"column":16},"end":{"line":7,"column":null}},"type":"binary-expr","locations":[{"start":{"line":7,"column":16},"end":{"line":7,"column":61}},{"start":{"line":7,"column":61},"end":{"line":7,"column":null}}],"line":7},"2":{"loc":{"start":{"line":8,"column":15},"end":{"line":8,"column":null}},"type":"binary-expr","locations":[{"start":{"line":8,"column":15},"end":{"line":8,"column":59}},{"start":{"line":8,"column":59},"end":{"line":8,"column":null}}],"line":8},"3":{"loc":{"start":{"line":9,"column":19},"end":{"line":9,"column":null}},"type":"binary-expr","locations":[{"start":{"line":9,"column":19},"end":{"line":9,"column":67}},{"start":{"line":9,"column":67},"end":{"line":9,"column":null}}],"line":9},"4":{"loc":{"start":{"line":10,"column":23},"end":{"line":10,"column":null}},"type":"binary-expr","locations":[{"start":{"line":10,"column":23},"end":{"line":10,"column":76}},{"start":{"line":10,"column":76},"end":{"line":10,"column":null}}],"line":10},"5":{"loc":{"start":{"line":11,"column":11},"end":{"line":11,"column":null}},"type":"binary-expr","locations":[{"start":{"line":11,"column":11},"end":{"line":11,"column":51}},{"start":{"line":11,"column":51},"end":{"line":11,"column":null}}],"line":11}},"s":{"0":1,"1":1,"2":1,"3":1,"4":1},"f":{},"b":{"0":[1,0],"1":[1,0],"2":[1,0],"3":[1,0],"4":[1,0],"5":[1,0]},"meta":{"lastBranch":6,"lastFunction":0,"lastStatement":5,"seen":{"s:5:23:12:Infinity":0,"b:6:12:6:53:6:53:6:Infinity":0,"b:7:16:7:61:7:61:7:Infinity":1,"b:8:15:8:59:8:59:8:Infinity":2,"b:9:19:9:67:9:67:9:Infinity":3,"b:10:23:10:76:10:76:10:Infinity":4,"b:11:11:11:51:11:51:11:Infinity":5,"s:14:6:14:Infinity":1,"s:15:13:15:Infinity":2,"s:16:13:16:Infinity":3,"s:17:27:17:Infinity":4}}}
,"/app/src/services/costosService.ts": {"path":"/app/src/services/costosService.ts","statementMap":{"0":{"start":{"line":26,"column":23},"end":{"line":26,"column":null}},"1":{"start":{"line":28,"column":4},"end":{"line":30,"column":null}},"2":{"start":{"line":29,"column":8},"end":{"line":29,"column":null}},"3":{"start":{"line":33,"column":4},"end":{"line":38,"column":null}},"4":{"start":{"line":47,"column":28},"end":{"line":47,"column":null}},"5":{"start":{"line":49,"column":4},"end":{"line":75,"column":null}},"6":{"start":{"line":50,"column":8},"end":{"line":74,"column":null}},"7":{"start":{"line":51,"column":12},"end":{"line":73,"column":null}},"8":{"start":{"line":52,"column":29},"end":{"line":52,"column":null}},"9":{"start":{"line":55,"column":22},"end":{"line":55,"column":null}},"10":{"start":{"line":58,"column":22},"end":{"line":62,"column":null}},"11":{"start":{"line":65,"column":16},"end":{"line":65,"column":null}},"12":{"start":{"line":66,"column":16},"end":{"line":66,"column":null}},"13":{"start":{"line":67,"column":16},"end":{"line":67,"column":null}},"14":{"start":{"line":69,"column":16},"end":{"line":69,"column":null}},"15":{"start":{"line":71,"column":16},"end":{"line":71,"column":null}},"16":{"start":{"line":77,"column":22},"end":{"line":77,"column":null}},"17":{"start":{"line":78,"column":21},"end":{"line":78,"column":null}},"18":{"start":{"line":79,"column":20},"end":{"line":79,"column":null}},"19":{"start":{"line":80,"column":18},"end":{"line":80,"column":null}},"20":{"start":{"line":82,"column":4},"end":{"line":88,"column":null}},"21":{"start":{"line":96,"column":25},"end":{"line":96,"column":null}},"22":{"start":{"line":99,"column":20},"end":{"line":101,"column":null}},"23":{"start":{"line":103,"column":4},"end":{"line":107,"column":null}}},"fnMap":{"0":{"name":"obtenerCostoIndividual","decl":{"start":{"line":22,"column":22},"end":{"line":22,"column":null}},"loc":{"start":{"line":25,"column":75},"end":{"line":39,"column":null}},"line":25},"1":{"name":"calcularCostosFicha","decl":{"start":{"line":44,"column":22},"end":{"line":44,"column":null}},"loc":{"start":{"line":46,"column":35},"end":{"line":89,"column":null}},"line":46},"2":{"name":"recalcularFicha","decl":{"start":{"line":95,"column":22},"end":{"line":95,"column":38}},"loc":{"start":{"line":95,"column":82},"end":{"line":108,"column":null}},"line":95}},"branchMap":{"0":{"loc":{"start":{"line":24,"column":4},"end":{"line":24,"column":null}},"type":"default-arg","locations":[{"start":{"line":24,"column":35},"end":{"line":24,"column":null}}],"line":24},"1":{"loc":{"start":{"line":28,"column":4},"end":{"line":30,"column":null}},"type":"if","locations":[{"start":{"line":28,"column":4},"end":{"line":30,"column":null}},{"start":{},"end":{}}],"line":28},"2":{"loc":{"start":{"line":34,"column":15},"end":{"line":34,"column":null}},"type":"binary-expr","locations":[{"start":{"line":34,"column":15},"end":{"line":34,"column":41}},{"start":{"line":34,"column":41},"end":{"line":34,"column":null}}],"line":34},"3":{"loc":{"start":{"line":36,"column":15},"end":{"line":36,"column":null}},"type":"binary-expr","locations":[{"start":{"line":36,"column":15},"end":{"line":36,"column":35}},{"start":{"line":36,"column":35},"end":{"line":36,"column":null}}],"line":36},"4":{"loc":{"start":{"line":49,"column":4},"end":{"line":75,"column":null}},"type":"if","locations":[{"start":{"line":49,"column":4},"end":{"line":75,"column":null}},{"start":{},"end":{}}],"line":49},"5":{"loc":{"start":{"line":77,"column":22},"end":{"line":77,"column":null}},"type":"binary-expr","locations":[{"start":{"line":77,"column":22},"end":{"line":77,"column":40}},{"start":{"line":77,"column":40},"end":{"line":77,"column":null}}],"line":77},"6":{"loc":{"start":{"line":78,"column":21},"end":{"line":78,"column":null}},"type":"binary-expr","locations":[{"start":{"line":78,"column":21},"end":{"line":78,"column":46}},{"start":{"line":78,"column":46},"end":{"line":78,"column":null}}],"line":78},"7":{"loc":{"start":{"line":79,"column":20},"end":{"line":79,"column":null}},"type":"binary-expr","locations":[{"start":{"line":79,"column":20},"end":{"line":79,"column":44}},{"start":{"line":79,"column":44},"end":{"line":79,"column":null}}],"line":79},"8":{"loc":{"start":{"line":99,"column":20},"end":{"line":101,"column":null}},"type":"cond-expr","locations":[{"start":{"line":100,"column":10},"end":{"line":100,"column":null}},{"start":{"line":101,"column":10},"end":{"line":101,"column":null}}],"line":99},"9":{"loc":{"start":{"line":100,"column":113},"end":{"line":100,"column":156}},"type":"binary-expr","locations":[{"start":{"line":100,"column":113},"end":{"line":100,"column":150}},{"start":{"line":100,"column":150},"end":{"line":100,"column":156}}],"line":100}},"s":{"0":4,"1":4,"2":1,"3":3,"4":4,"5":4,"6":4,"7":4,"8":4,"9":3,"10":3,"11":3,"12":3,"13":3,"14":3,"15":1,"16":4,"17":4,"18":4,"19":4,"20":4,"21":0,"22":0,"23":0},"f":{"0":4,"1":4,"2":0},"b":{"0":[4],"1":[1,3],"2":[3,0],"3":[4,0],"4":[4,0],"5":[4,2],"6":[4,3],"7":[4,3],"8":[0,0],"9":[0,0]},"meta":{"lastBranch":10,"lastFunction":3,"lastStatement":24,"seen":{"f:22:22:22:Infinity":0,"b:24:35:24:Infinity":0,"s:26:23:26:Infinity":0,"b:28:4:30:Infinity:undefined:undefined:undefined:undefined":1,"s:28:4:30:Infinity":1,"s:29:8:29:Infinity":2,"s:33:4:38:Infinity":3,"b:34:15:34:41:34:41:34:Infinity":2,"b:36:15:36:35:36:35:36:Infinity":3,"f:44:22:44:Infinity":1,"s:47:28:47:Infinity":4,"b:49:4:75:Infinity:undefined:undefined:undefined:undefined":4,"s:49:4:75:Infinity":5,"s:50:8:74:Infinity":6,"s:51:12:73:Infinity":7,"s:52:29:52:Infinity":8,"s:55:22:55:Infinity":9,"s:58:22:62:Infinity":10,"s:65:16:65:Infinity":11,"s:66:16:66:Infinity":12,"s:67:16:67:Infinity":13,"s:69:16:69:Infinity":14,"s:71:16:71:Infinity":15,"s:77:22:77:Infinity":16,"b:77:22:77:40:77:40:77:Infinity":5,"s:78:21:78:Infinity":17,"b:78:21:78:46:78:46:78:Infinity":6,"s:79:20:79:Infinity":18,"b:79:20:79:44:79:44:79:Infinity":7,"s:80:18:80:Infinity":19,"s:82:4:88:Infinity":20,"f:95:22:95:38":2,"s:96:25:96:Infinity":21,"s:99:20:101:Infinity":22,"b:100:10:100:Infinity:101:10:101:Infinity":8,"b:100:113:100:150:100:150:100:156":9,"s:103:4:107:Infinity":23}}}
,"/app/src/utils/precioCalculator.ts": {"path":"/app/src/utils/precioCalculator.ts","statementMap":{"0":{"start":{"line":26,"column":26},"end":{"line":26,"column":null}},"1":{"start":{"line":29,"column":4},"end":{"line":31,"column":null}},"2":{"start":{"line":30,"column":8},"end":{"line":30,"column":null}},"3":{"start":{"line":33,"column":32},"end":{"line":33,"column":null}},"4":{"start":{"line":34,"column":24},"end":{"line":34,"column":null}},"5":{"start":{"line":35,"column":26},"end":{"line":35,"column":null}},"6":{"start":{"line":37,"column":4},"end":{"line":43,"column":null}},"7":{"start":{"line":62,"column":33},"end":{"line":62,"column":null}},"8":{"start":{"line":63,"column":4},"end":{"line":63,"column":null}}},"fnMap":{"0":{"name":"calcularSugerenciaPrecio","decl":{"start":{"line":22,"column":16},"end":{"line":22,"column":null}},"loc":{"start":{"line":25,"column":20},"end":{"line":44,"column":null}},"line":25},"1":{"name":"calcularCostoIngrediente","decl":{"start":{"line":55,"column":16},"end":{"line":55,"column":null}},"loc":{"start":{"line":59,"column":10},"end":{"line":64,"column":null}},"line":59}},"branchMap":{"0":{"loc":{"start":{"line":24,"column":4},"end":{"line":24,"column":null}},"type":"default-arg","locations":[{"start":{"line":24,"column":29},"end":{"line":24,"column":null}}],"line":24},"1":{"loc":{"start":{"line":29,"column":4},"end":{"line":31,"column":null}},"type":"if","locations":[{"start":{"line":29,"column":4},"end":{"line":31,"column":null}},{"start":{},"end":{}}],"line":29},"2":{"loc":{"start":{"line":58,"column":4},"end":{"line":58,"column":null}},"type":"default-arg","locations":[{"start":{"line":58,"column":27},"end":{"line":58,"column":null}}],"line":58},"3":{"loc":{"start":{"line":62,"column":50},"end":{"line":62,"column":null}},"type":"binary-expr","locations":[{"start":{"line":62,"column":50},"end":{"line":62,"column":66}},{"start":{"line":62,"column":66},"end":{"line":62,"column":null}}],"line":62}},"s":{"0":0,"1":0,"2":0,"3":0,"4":0,"5":0,"6":0,"7":3,"8":3},"f":{"0":0,"1":3},"b":{"0":[0],"1":[0,0],"2":[3],"3":[3,0]},"meta":{"lastBranch":4,"lastFunction":2,"lastStatement":9,"seen":{"f:22:16:22:Infinity":0,"b:24:29:24:Infinity":0,"s:26:26:26:Infinity":0,"b:29:4:31:Infinity:undefined:undefined:undefined:undefined":1,"s:29:4:31:Infinity":1,"s:30:8:30:Infinity":2,"s:33:32:33:Infinity":3,"s:34:24:34:Infinity":4,"s:35:26:35:Infinity":5,"s:37:4:43:Infinity":6,"f:55:16:55:Infinity":1,"b:58:27:58:Infinity":2,"s:62:33:62:Infinity":7,"b:62:50:62:66:62:66:62:Infinity":3,"s:63:4:63:Infinity":8}}}
,"/app/src/utils/unitConverter.ts": {"path":"/app/src/utils/unitConverter.ts","statementMap":{"0":{"start":{"line":13,"column":55},"end":{"line":18,"column":null}},"1":{"start":{"line":20,"column":55},"end":{"line":27,"column":null}},"2":{"start":{"line":29,"column":28},"end":{"line":29,"column":null}},"3":{"start":{"line":29,"column":66},"end":{"line":29,"column":null}},"4":{"start":{"line":30,"column":28},"end":{"line":30,"column":null}},"5":{"start":{"line":30,"column":66},"end":{"line":30,"column":null}},"6":{"start":{"line":37,"column":4},"end":{"line":37,"column":null}},"7":{"start":{"line":37,"column":29},"end":{"line":37,"column":null}},"8":{"start":{"line":39,"column":4},"end":{"line":42,"column":null}},"9":{"start":{"line":40,"column":28},"end":{"line":40,"column":null}},"10":{"start":{"line":41,"column":8},"end":{"line":41,"column":null}},"11":{"start":{"line":44,"column":4},"end":{"line":47,"column":null}},"12":{"start":{"line":45,"column":28},"end":{"line":45,"column":null}},"13":{"start":{"line":46,"column":8},"end":{"line":46,"column":null}},"14":{"start":{"line":56,"column":4},"end":{"line":56,"column":null}},"15":{"start":{"line":63,"column":4},"end":{"line":63,"column":null}},"16":{"start":{"line":63,"column":29},"end":{"line":63,"column":null}},"17":{"start":{"line":64,"column":4},"end":{"line":64,"column":null}},"18":{"start":{"line":64,"column":76},"end":{"line":64,"column":null}},"19":{"start":{"line":65,"column":4},"end":{"line":65,"column":null}},"20":{"start":{"line":65,"column":76},"end":{"line":65,"column":null}},"21":{"start":{"line":66,"column":4},"end":{"line":66,"column":null}},"22":{"start":{"line":78,"column":17},"end":{"line":78,"column":null}},"23":{"start":{"line":79,"column":26},"end":{"line":79,"column":null}},"24":{"start":{"line":82,"column":17},"end":{"line":82,"column":null}},"25":{"start":{"line":83,"column":4},"end":{"line":83,"column":null}},"26":{"start":{"line":83,"column":33},"end":{"line":83,"column":null}},"27":{"start":{"line":84,"column":4},"end":{"line":84,"column":null}}},"fnMap":{"0":{"name":"(anonymous_0)","decl":{"start":{"line":29,"column":28},"end":{"line":29,"column":29}},"loc":{"start":{"line":29,"column":66},"end":{"line":29,"column":null}},"line":29},"1":{"name":"(anonymous_1)","decl":{"start":{"line":30,"column":28},"end":{"line":30,"column":29}},"loc":{"start":{"line":30,"column":66},"end":{"line":30,"column":null}},"line":30},"2":{"name":"convertUnit","decl":{"start":{"line":36,"column":16},"end":{"line":36,"column":28}},"loc":{"start":{"line":36,"column":87},"end":{"line":57,"column":null}},"line":36},"3":{"name":"canConvert","decl":{"start":{"line":62,"column":16},"end":{"line":62,"column":27}},"loc":{"start":{"line":62,"column":72},"end":{"line":67,"column":null}},"line":62},"4":{"name":"compareQuantities","decl":{"start":{"line":74,"column":16},"end":{"line":74,"column":null}},"loc":{"start":{"line":77,"column":10},"end":{"line":85,"column":null}},"line":77}},"branchMap":{"0":{"loc":{"start":{"line":37,"column":4},"end":{"line":37,"column":null}},"type":"if","locations":[{"start":{"line":37,"column":4},"end":{"line":37,"column":null}},{"start":{},"end":{}}],"line":37},"1":{"loc":{"start":{"line":39,"column":4},"end":{"line":42,"column":null}},"type":"if","locations":[{"start":{"line":39,"column":4},"end":{"line":42,"column":null}},{"start":{},"end":{}}],"line":39},"2":{"loc":{"start":{"line":39,"column":8},"end":{"line":39,"column":76}},"type":"binary-expr","locations":[{"start":{"line":39,"column":8},"end":{"line":39,"column":44}},{"start":{"line":39,"column":44},"end":{"line":39,"column":76}}],"line":39},"3":{"loc":{"start":{"line":44,"column":4},"end":{"line":47,"column":null}},"type":"if","locations":[{"start":{"line":44,"column":4},"end":{"line":47,"column":null}},{"start":{},"end":{}}],"line":44},"4":{"loc":{"start":{"line":44,"column":8},"end":{"line":44,"column":76}},"type":"binary-expr","locations":[{"start":{"line":44,"column":8},"end":{"line":44,"column":44}},{"start":{"line":44,"column":44},"end":{"line":44,"column":76}}],"line":44},"5":{"loc":{"start":{"line":63,"column":4},"end":{"line":63,"column":null}},"type":"if","locations":[{"start":{"line":63,"column":4},"end":{"line":63,"column":null}},{"start":{},"end":{}}],"line":63},"6":{"loc":{"start":{"line":64,"column":4},"end":{"line":64,"column":null}},"type":"if","locations":[{"start":{"line":64,"column":4},"end":{"line":64,"column":null}},{"start":{},"end":{}}],"line":64},"7":{"loc":{"start":{"line":64,"column":8},"end":{"line":64,"column":76}},"type":"binary-expr","locations":[{"start":{"line":64,"column":8},"end":{"line":64,"column":44}},{"start":{"line":64,"column":44},"end":{"line":64,"column":76}}],"line":64},"8":{"loc":{"start":{"line":65,"column":4},"end":{"line":65,"column":null}},"type":"if","locations":[{"start":{"line":65,"column":4},"end":{"line":65,"column":null}},{"start":{},"end":{}}],"line":65},"9":{"loc":{"start":{"line":65,"column":8},"end":{"line":65,"column":76}},"type":"binary-expr","locations":[{"start":{"line":65,"column":8},"end":{"line":65,"column":44}},{"start":{"line":65,"column":44},"end":{"line":65,"column":76}}],"line":65},"10":{"loc":{"start":{"line":83,"column":4},"end":{"line":83,"column":null}},"type":"if","locations":[{"start":{"line":83,"column":4},"end":{"line":83,"column":null}},{"start":{},"end":{}}],"line":83}},"s":{"0":1,"1":1,"2":1,"3":2,"4":1,"5":0,"6":3,"7":2,"8":1,"9":1,"10":1,"11":0,"12":0,"13":0,"14":0,"15":0,"16":0,"17":0,"18":0,"19":0,"20":0,"21":0,"22":0,"23":0,"24":0,"25":0,"26":0,"27":0},"f":{"0":2,"1":0,"2":3,"3":0,"4":0},"b":{"0":[2,1],"1":[1,0],"2":[1,1],"3":[0,0],"4":[0,0],"5":[0,0],"6":[0,0],"7":[0,0],"8":[0,0],"9":[0,0],"10":[0,0]},"meta":{"lastBranch":11,"lastFunction":5,"lastStatement":28,"seen":{"s:13:55:18:Infinity":0,"s:20:55:27:Infinity":1,"s:29:28:29:Infinity":2,"f:29:28:29:29":0,"s:29:66:29:Infinity":3,"s:30:28:30:Infinity":4,"f:30:28:30:29":1,"s:30:66:30:Infinity":5,"f:36:16:36:28":2,"b:37:4:37:Infinity:undefined:undefined:undefined:undefined":0,"s:37:4:37:Infinity":6,"s:37:29:37:Infinity":7,"b:39:4:42:Infinity:undefined:undefined:undefined:undefined":1,"s:39:4:42:Infinity":8,"b:39:8:39:44:39:44:39:76":2,"s:40:28:40:Infinity":9,"s:41:8:41:Infinity":10,"b:44:4:47:Infinity:undefined:undefined:undefined:undefined":3,"s:44:4:47:Infinity":11,"b:44:8:44:44:44:44:44:76":4,"s:45:28:45:Infinity":12,"s:46:8:46:Infinity":13,"s:56:4:56:Infinity":14,"f:62:16:62:27":3,"b:63:4:63:Infinity:undefined:undefined:undefined:undefined":5,"s:63:4:63:Infinity":15,"s:63:29:63:Infinity":16,"b:64:4:64:Infinity:undefined:undefined:undefined:undefined":6,"s:64:4:64:Infinity":17,"b:64:8:64:44:64:44:64:76":7,"s:64:76:64:Infinity":18,"b:65:4:65:Infinity:undefined:undefined:undefined:undefined":8,"s:65:4:65:Infinity":19,"b:65:8:65:44:65:44:65:76":9,"s:65:76:65:Infinity":20,"s:66:4:66:Infinity":21,"f:74:16:74:Infinity":4,"s:78:17:78:Infinity":22,"s:79:26:79:Infinity":23,"s:82:17:82:Infinity":24,"b:83:4:83:Infinity:undefined:undefined:undefined:undefined":10,"s:83:4:83:Infinity":25,"s:83:33:83:Infinity":26,"s:84:4:84:Infinity":27}}}
}
